<?xml version="1.0" encoding="UTF-8"?>
<!-- Generated by org.testng.reporters.JUnitReportReporter -->
<testsuite skipped="0" hostname="DESKTOP-7M3VN73" name="CreateJsonFile" tests="1" failures="0" timestamp="13 Aug 2019 04:04:35 GMT" time="0.161" errors="0">
  <testcase name="deneme" time="0.161" classname="CreateJsonFile"/>
</testsuite> <!-- CreateJsonFile -->
