<?xml version="1.0" encoding="UTF-8"?>
<!-- Generated by org.testng.reporters.JUnitReportReporter -->
<testsuite skipped="0" hostname="DESKTOP-7M3VN73" name="Yeni" tests="1" failures="0" timestamp="13 Aug 2019 03:04:40 GMT" time="0.016" errors="0">
  <testcase name="deneme" time="0.016" classname="Yeni"/>
</testsuite> <!-- Yeni -->
