<?xml version="1.0" encoding="UTF-8"?>
<!-- Generated by org.testng.reporters.JUnitReportReporter -->
<testsuite skipped="0" hostname="DESKTOP-7M3VN73" name="ArraylistToJsonFile" tests="1" failures="0" timestamp="13 Aug 2019 04:27:54 GMT" time="0.171" errors="0">
  <testcase name="denem" time="0.171" classname="ArraylistToJsonFile"/>
</testsuite> <!-- ArraylistToJsonFile -->
